2024-02-06 18:50:19,368 - ERROR - Error during image annotation: OpenCV(4.9.0) D:\a\opencv-python\opencv-python\opencv\modules\imgproc\src\color.cpp:196: error: (-215:Assertion failed) !_src.empty() in function 'cv::cvtColor'

2024-02-06 19:00:25,678 - ERROR - Error during image annotation: OpenCV(4.9.0) D:\a\opencv-python\opencv-python\opencv\modules\imgproc\src\color.cpp:196: error: (-215:Assertion failed) !_src.empty() in function 'cv::cvtColor'

2024-02-06 19:03:33,742 - ERROR - Error during image annotation: OpenCV(4.9.0) D:\a\opencv-python\opencv-python\opencv\modules\imgproc\src\color.cpp:196: error: (-215:Assertion failed) !_src.empty() in function 'cv::cvtColor'

2024-02-06 19:04:25,912 - ERROR - Error during image annotation: OpenCV(4.9.0) D:\a\opencv-python\opencv-python\opencv\modules\imgproc\src\color.cpp:196: error: (-215:Assertion failed) !_src.empty() in function 'cv::cvtColor'

2024-02-06 19:05:01,070 - ERROR - Error during image annotation: OpenCV(4.9.0) D:\a\opencv-python\opencv-python\opencv\modules\imgproc\src\color.cpp:196: error: (-215:Assertion failed) !_src.empty() in function 'cv::cvtColor'

2024-02-06 21:09:44,527 - ERROR - Error during image annotation: OpenCV(4.9.0) D:\a\opencv-python\opencv-python\opencv\modules\imgproc\src\color.cpp:196: error: (-215:Assertion failed) !_src.empty() in function 'cv::cvtColor'

2024-02-06 21:11:26,834 - ERROR - Error during image annotation: OpenCV(4.9.0) D:\a\opencv-python\opencv-python\opencv\modules\imgproc\src\color.cpp:196: error: (-215:Assertion failed) !_src.empty() in function 'cv::cvtColor'

2024-02-06 21:17:54,290 - ERROR - Error during image annotation: OpenCV(4.9.0) D:\a\opencv-python\opencv-python\opencv\modules\imgproc\src\color.cpp:196: error: (-215:Assertion failed) !_src.empty() in function 'cv::cvtColor'

2024-02-06 22:04:28,300 - ERROR - Error during image annotation: OpenCV(4.9.0) D:\a\opencv-python\opencv-python\opencv\modules\imgproc\src\color.cpp:196: error: (-215:Assertion failed) !_src.empty() in function 'cv::cvtColor'

2024-02-06 22:54:18,594 - ERROR - Error during image annotation: OpenCV(4.9.0) D:\a\opencv-python\opencv-python\opencv\modules\imgproc\src\color.cpp:196: error: (-215:Assertion failed) !_src.empty() in function 'cv::cvtColor'

2024-02-06 22:55:27,405 - ERROR - Error during image annotation: OpenCV(4.9.0) D:\a\opencv-python\opencv-python\opencv\modules\imgproc\src\color.cpp:196: error: (-215:Assertion failed) !_src.empty() in function 'cv::cvtColor'

2024-02-06 22:57:57,031 - ERROR - Error during image annotation: OpenCV(4.9.0) D:\a\opencv-python\opencv-python\opencv\modules\imgproc\src\color.cpp:196: error: (-215:Assertion failed) !_src.empty() in function 'cv::cvtColor'

2024-02-06 23:00:29,028 - ERROR - Error during image annotation: OpenCV(4.9.0) D:\a\opencv-python\opencv-python\opencv\modules\imgproc\src\color.cpp:196: error: (-215:Assertion failed) !_src.empty() in function 'cv::cvtColor'

2024-02-06 23:01:35,449 - ERROR - Error during image annotation: OpenCV(4.9.0) D:\a\opencv-python\opencv-python\opencv\modules\imgproc\src\color.cpp:196: error: (-215:Assertion failed) !_src.empty() in function 'cv::cvtColor'

2024-02-06 23:08:06,776 - ERROR - Error during image annotation: OpenCV(4.9.0) D:\a\opencv-python\opencv-python\opencv\modules\imgproc\src\color.cpp:196: error: (-215:Assertion failed) !_src.empty() in function 'cv::cvtColor'

2024-02-06 23:10:09,179 - ERROR - Error during image annotation: OpenCV(4.9.0) D:\a\opencv-python\opencv-python\opencv\modules\imgproc\src\color.cpp:196: error: (-215:Assertion failed) !_src.empty() in function 'cv::cvtColor'

2024-02-06 23:13:59,277 - ERROR - Error during image annotation: OpenCV(4.9.0) D:\a\opencv-python\opencv-python\opencv\modules\imgproc\src\color.cpp:196: error: (-215:Assertion failed) !_src.empty() in function 'cv::cvtColor'

2024-02-06 23:15:19,736 - ERROR - Error during image annotation: OpenCV(4.9.0) D:\a\opencv-python\opencv-python\opencv\modules\imgproc\src\color.cpp:196: error: (-215:Assertion failed) !_src.empty() in function 'cv::cvtColor'

2024-02-06 23:18:32,090 - ERROR - Error during image annotation: OpenCV(4.9.0) D:\a\opencv-python\opencv-python\opencv\modules\imgproc\src\color.cpp:196: error: (-215:Assertion failed) !_src.empty() in function 'cv::cvtColor'

2024-02-06 23:19:22,325 - ERROR - Error during image annotation: OpenCV(4.9.0) D:\a\opencv-python\opencv-python\opencv\modules\imgproc\src\color.cpp:196: error: (-215:Assertion failed) !_src.empty() in function 'cv::cvtColor'

2024-02-06 23:20:25,028 - ERROR - Error during image annotation: OpenCV(4.9.0) D:\a\opencv-python\opencv-python\opencv\modules\imgproc\src\color.cpp:196: error: (-215:Assertion failed) !_src.empty() in function 'cv::cvtColor'

2024-02-06 23:21:22,668 - ERROR - Error during image annotation: OpenCV(4.9.0) D:\a\opencv-python\opencv-python\opencv\modules\imgproc\src\color.cpp:196: error: (-215:Assertion failed) !_src.empty() in function 'cv::cvtColor'

2024-02-06 23:27:00,898 - ERROR - Error during image annotation: OpenCV(4.9.0) D:\a\opencv-python\opencv-python\opencv\modules\imgproc\src\color.cpp:196: error: (-215:Assertion failed) !_src.empty() in function 'cv::cvtColor'

2024-02-06 23:28:42,432 - ERROR - Error during image annotation: OpenCV(4.9.0) D:\a\opencv-python\opencv-python\opencv\modules\imgproc\src\color.cpp:196: error: (-215:Assertion failed) !_src.empty() in function 'cv::cvtColor'

2024-02-06 23:30:50,243 - ERROR - Error during image annotation: OpenCV(4.9.0) D:\a\opencv-python\opencv-python\opencv\modules\imgproc\src\color.cpp:196: error: (-215:Assertion failed) !_src.empty() in function 'cv::cvtColor'

2024-02-06 23:33:55,665 - ERROR - Error during image annotation: OpenCV(4.9.0) D:\a\opencv-python\opencv-python\opencv\modules\imgproc\src\color.cpp:196: error: (-215:Assertion failed) !_src.empty() in function 'cv::cvtColor'

2024-02-06 23:35:51,482 - ERROR - Error during image annotation: OpenCV(4.9.0) D:\a\opencv-python\opencv-python\opencv\modules\imgproc\src\color.cpp:196: error: (-215:Assertion failed) !_src.empty() in function 'cv::cvtColor'

2024-02-06 23:43:43,933 - ERROR - Error during image annotation: OpenCV(4.9.0) D:\a\opencv-python\opencv-python\opencv\modules\imgproc\src\color.cpp:196: error: (-215:Assertion failed) !_src.empty() in function 'cv::cvtColor'

2024-02-06 23:50:12,666 - ERROR - Error during image annotation: OpenCV(4.9.0) D:\a\opencv-python\opencv-python\opencv\modules\imgproc\src\color.cpp:196: error: (-215:Assertion failed) !_src.empty() in function 'cv::cvtColor'

2024-02-06 23:54:50,308 - ERROR - Error during image annotation: OpenCV(4.9.0) D:\a\opencv-python\opencv-python\opencv\modules\imgproc\src\color.cpp:196: error: (-215:Assertion failed) !_src.empty() in function 'cv::cvtColor'

2024-02-06 23:55:20,483 - ERROR - Error during image annotation: OpenCV(4.9.0) D:\a\opencv-python\opencv-python\opencv\modules\imgproc\src\color.cpp:196: error: (-215:Assertion failed) !_src.empty() in function 'cv::cvtColor'

2024-02-07 00:00:33,829 - ERROR - Error during image annotation: OpenCV(4.9.0) D:\a\opencv-python\opencv-python\opencv\modules\imgproc\src\color.cpp:196: error: (-215:Assertion failed) !_src.empty() in function 'cv::cvtColor'

2024-02-07 10:39:02,726 - ERROR - Error during image annotation: OpenCV(4.9.0) D:\a\opencv-python\opencv-python\opencv\modules\imgproc\src\color.cpp:196: error: (-215:Assertion failed) !_src.empty() in function 'cv::cvtColor'

2024-02-07 10:43:05,021 - ERROR - Error during image annotation: OpenCV(4.9.0) D:\a\opencv-python\opencv-python\opencv\modules\imgproc\src\color.cpp:196: error: (-215:Assertion failed) !_src.empty() in function 'cv::cvtColor'

2024-02-07 10:44:00,707 - ERROR - Error during image annotation: OpenCV(4.9.0) D:\a\opencv-python\opencv-python\opencv\modules\imgproc\src\color.cpp:196: error: (-215:Assertion failed) !_src.empty() in function 'cv::cvtColor'

2024-02-07 10:53:52,864 - ERROR - Error during image annotation: OpenCV(4.9.0) D:\a\opencv-python\opencv-python\opencv\modules\imgproc\src\color.cpp:196: error: (-215:Assertion failed) !_src.empty() in function 'cv::cvtColor'

